info t=2019-06-07T12:28:42.674Z Cinnamon.AppSystem.get_default() started in 313 ms
info t=2019-06-07T12:28:42.696Z loading user theme: /home/john/.themes/Windows 10 Dark/cinnamon/cinnamon.css
info t=2019-06-07T12:28:42.750Z added icon directory: /home/john/.themes/Windows 10 Dark/cinnamon
info t=2019-06-07T12:28:42.886Z PlacesManager: Updating devices
info t=2019-06-07T12:28:42.913Z loaded at Fri Jun 07 2019 14:28:42 GMT+0200 (CEST)
info t=2019-06-07T12:28:42.931Z Loaded applet show-desktop@cinnamon.org in 14 ms
info t=2019-06-07T12:28:42.989Z Role locked: panellauncher
info t=2019-06-07T12:28:43.011Z Loaded applet panel-launchers@cinnamon.org in 79 ms
info t=2019-06-07T12:28:43.026Z Loaded applet window-list@cinnamon.org in 14 ms
info t=2019-06-07T12:28:43.044Z Loaded applet temperature@fevimu in 17 ms
info t=2019-06-07T12:28:43.064Z Loaded applet removable-drives@cinnamon.org in 19 ms
info t=2019-06-07T12:28:43.089Z Loaded applet nvidiaprime@pdcurtis in 25 ms
info t=2019-06-07T12:28:43.123Z Loaded applet keyboard@cinnamon.org in 32 ms
info t=2019-06-07T12:28:43.131Z Loaded applet systray@cinnamon.org in 7 ms
info t=2019-06-07T12:28:43.365Z Loaded applet network@cinnamon.org in 233 ms
info t=2019-06-07T12:28:43.397Z Loaded applet sound@cinnamon.org in 31 ms
info t=2019-06-07T12:28:43.414Z Loaded applet power@cinnamon.org in 16 ms
info t=2019-06-07T12:28:43.455Z Loaded applet calendar@cinnamon.org in 40 ms
info t=2019-06-07T12:28:44.502Z Loaded applet menu@cinnamon.org in 1046 ms
info t=2019-06-07T12:28:44.503Z AppletManager.init() started in 1590 ms
info t=2019-06-07T12:28:44.508Z Cinnamon took 2166 ms to start
info t=2019-06-07T12:28:45.415Z Hiding systray: network
info t=2019-06-07T12:28:45.416Z Adding systray: blueman (24x24px)
info t=2019-06-07T12:28:45.419Z Adding systray: slack1 (24x24px)
info t=2019-06-07T12:28:52.578Z Adding systray: toolbox (24x24px)
info t=2019-06-07T13:10:43.469Z Adding systray: blueman (24x24px)
info t=2019-06-07T13:10:53.571Z PlacesManager: Updating devices
info t=2019-06-07T13:17:50.215Z PlacesManager: Updating devices
